<?xml version="1.0" encoding="UTF-8"?>
<!-- Generated by org.testng.reporters.JUnitReportReporter -->
<testsuite hostname="Robbo" failures="0" tests="1" name="com.tricentis.testcases.Resister" time="10.670" errors="0" timestamp="2024-06-13T01:39:59 IST" skipped="0">
  <testcase classname="com.tricentis.testcases.Resister" name="registerWithAlreadyUsedEmailAddress" time="10.670"/>
</testsuite> <!-- com.tricentis.testcases.Resister -->
