<?xml version="1.0" encoding="UTF-8"?>
<!-- Generated by org.testng.reporters.JUnitReportReporter -->
<testsuite hostname="Robbo" failures="0" tests="1" name="com.tricentis.testcases.ForgotPassword" time="13.097" errors="0" timestamp="2024-06-24T16:26:01 IST" skipped="0">
  <testcase classname="com.tricentis.testcases.ForgotPassword" name="verifyRecoveryOfPasswordWithInvalidEmailText" time="13.097"/>
</testsuite> <!-- com.tricentis.testcases.ForgotPassword -->
