<?xml version="1.0" encoding="UTF-8"?>
<!-- Generated by org.testng.reporters.JUnitReportReporter -->
<testsuite hostname="Robbo" failures="0" tests="1" name="com.tricentis.testcases.AddToCart" time="13.103" errors="0" timestamp="2024-06-25T17:24:09 IST" skipped="0">
  <testcase classname="com.tricentis.testcases.AddToCart" name="verifyAddButtonIsVisibleOnProduct" time="13.103"/>
</testsuite> <!-- com.tricentis.testcases.AddToCart -->
