<?xml version="1.0" encoding="UTF-8"?>
<!-- Generated by org.testng.reporters.JUnitReportReporter -->
<testsuite hostname="Robbo" failures="0" tests="1" name="com.tricentis.testcases.LogIn" time="11.715" errors="0" timestamp="2024-07-01T10:54:56 IST" skipped="0">
  <testcase classname="com.tricentis.testcases.LogIn" name="verifyLoginWithValidCredentials" time="11.715"/>
</testsuite> <!-- com.tricentis.testcases.LogIn -->
